[2020-07-26 19:14:43,041] WARN Enforcing customer ID 'anonymous' (io.confluent.support.metrics.PhoneHomeConfig:56)
[2020-07-26 19:14:43,064] WARN Please note that the version check feature of KSQL is enabled.  With this enabled, this instance is configured to collect and report anonymously the version information to Confluent, Inc. ("Confluent") or its parent, subsidiaries, affiliates or service providers every 24hours.  This Metadata may be transferred to any country in which Confluent maintains facilities.  For a more in depth discussion of how Confluent processes such information, please read our Privacy Policy located at http://www.confluent.io/privacy. By proceeding with `confluent.support.metrics.enable=true`, you agree to all such collection, transfer and use of Version information by Confluent. You can turn the version check  feature off by setting `confluent.support.metrics.enable=false` in the KSQL configuration and restarting the KSQL.  See the Confluent Platform documentation for further information. (io.confluent.ksql.version.metrics.KsqlVersionCheckerAgent:90)
[2020-07-26 19:15:04,062] ERROR  (io.confluent.ksql.cli.Cli:177)
io.confluent.ksql.rest.client.KsqlRestClientException: Error issuing POST to KSQL server. path:/ksql
	at io.confluent.ksql.rest.client.KsqlTarget.post(KsqlTarget.java:208)
	at io.confluent.ksql.rest.client.KsqlTarget.postKsqlRequest(KsqlTarget.java:127)
	at io.confluent.ksql.rest.client.KsqlRestClient.makeKsqlRequest(KsqlRestClient.java:116)
	at io.confluent.ksql.cli.Cli.makeKsqlRequest(Cli.java:150)
	at io.confluent.ksql.cli.Cli.makeKsqlRequest(Cli.java:141)
	at io.confluent.ksql.cli.Cli.handleStatements(Cli.java:285)
	at io.confluent.ksql.cli.Cli.handleLine(Cli.java:232)
	at io.confluent.ksql.cli.Cli.runInteractively(Cli.java:171)
	at io.confluent.ksql.Ksql.run(Ksql.java:115)
	at io.confluent.ksql.Ksql.main(Ksql.java:74)
Caused by: javax.ws.rs.ProcessingException: java.net.ConnectException: Connection refused (Connection refused)
	at org.glassfish.jersey.client.internal.HttpUrlConnector.apply(HttpUrlConnector.java:261)
	at org.glassfish.jersey.client.ClientRuntime.invoke(ClientRuntime.java:296)
	at org.glassfish.jersey.client.JerseyInvocation.lambda$invoke$0(JerseyInvocation.java:609)
	at org.glassfish.jersey.internal.Errors.process(Errors.java:292)
	at org.glassfish.jersey.internal.Errors.process(Errors.java:274)
	at org.glassfish.jersey.internal.Errors.process(Errors.java:205)
	at org.glassfish.jersey.process.internal.RequestScope.runInScope(RequestScope.java:390)
	at org.glassfish.jersey.client.JerseyInvocation.invoke(JerseyInvocation.java:608)
	at org.glassfish.jersey.client.JerseyInvocation$Builder.method(JerseyInvocation.java:421)
	at org.glassfish.jersey.client.JerseyInvocation$Builder.post(JerseyInvocation.java:327)
	at io.confluent.ksql.rest.client.KsqlTarget.post(KsqlTarget.java:201)
	... 9 more
Caused by: java.net.ConnectException: Connection refused (Connection refused)
	at java.net.PlainSocketImpl.socketConnect(Native Method)
	at java.net.AbstractPlainSocketImpl.doConnect(AbstractPlainSocketImpl.java:350)
	at java.net.AbstractPlainSocketImpl.connectToAddress(AbstractPlainSocketImpl.java:206)
	at java.net.AbstractPlainSocketImpl.connect(AbstractPlainSocketImpl.java:188)
	at java.net.SocksSocketImpl.connect(SocksSocketImpl.java:392)
	at java.net.Socket.connect(Socket.java:606)
	at sun.net.NetworkClient.doConnect(NetworkClient.java:175)
	at sun.net.www.http.HttpClient.openServer(HttpClient.java:463)
	at sun.net.www.http.HttpClient.openServer(HttpClient.java:558)
	at sun.net.www.http.HttpClient.<init>(HttpClient.java:242)
	at sun.net.www.http.HttpClient.New(HttpClient.java:339)
	at sun.net.www.http.HttpClient.New(HttpClient.java:357)
	at sun.net.www.protocol.http.HttpURLConnection.getNewHttpClient(HttpURLConnection.java:1226)
	at sun.net.www.protocol.http.HttpURLConnection.plainConnect0(HttpURLConnection.java:1162)
	at sun.net.www.protocol.http.HttpURLConnection.plainConnect(HttpURLConnection.java:1056)
	at sun.net.www.protocol.http.HttpURLConnection.connect(HttpURLConnection.java:990)
	at sun.net.www.protocol.http.HttpURLConnection.getOutputStream0(HttpURLConnection.java:1340)
	at sun.net.www.protocol.http.HttpURLConnection.getOutputStream(HttpURLConnection.java:1315)
	at org.glassfish.jersey.client.internal.HttpUrlConnector.lambda$_apply$0(HttpUrlConnector.java:359)
	at org.glassfish.jersey.message.internal.CommittingOutputStream.commitStream(CommittingOutputStream.java:171)
	at org.glassfish.jersey.message.internal.CommittingOutputStream.commitStream(CommittingOutputStream.java:165)
	at org.glassfish.jersey.message.internal.CommittingOutputStream.write(CommittingOutputStream.java:199)
	at org.glassfish.jersey.message.internal.WriterInterceptorExecutor$UnCloseableOutputStream.write(WriterInterceptorExecutor.java:276)
	at com.fasterxml.jackson.core.json.UTF8JsonGenerator._flushBuffer(UTF8JsonGenerator.java:2137)
	at com.fasterxml.jackson.core.json.UTF8JsonGenerator.flush(UTF8JsonGenerator.java:1150)
	at com.fasterxml.jackson.databind.ObjectWriter.writeValue(ObjectWriter.java:923)
	at com.fasterxml.jackson.jaxrs.base.ProviderBase.writeTo(ProviderBase.java:624)
	at org.glassfish.jersey.message.internal.WriterInterceptorExecutor$TerminalWriterInterceptor.invokeWriteTo(WriterInterceptorExecutor.java:242)
	at org.glassfish.jersey.message.internal.WriterInterceptorExecutor$TerminalWriterInterceptor.aroundWriteTo(WriterInterceptorExecutor.java:227)
	at org.glassfish.jersey.message.internal.WriterInterceptorExecutor.proceed(WriterInterceptorExecutor.java:139)
	at org.glassfish.jersey.message.internal.MessageBodyFactory.writeTo(MessageBodyFactory.java:1116)
	at org.glassfish.jersey.client.ClientRequest.doWriteEntity(ClientRequest.java:504)
	at org.glassfish.jersey.client.ClientRequest.writeEntity(ClientRequest.java:486)
	at org.glassfish.jersey.client.internal.HttpUrlConnector._apply(HttpUrlConnector.java:361)
	at org.glassfish.jersey.client.internal.HttpUrlConnector.apply(HttpUrlConnector.java:259)
	... 19 more
[2020-07-26 19:15:08,661] ERROR  (io.confluent.ksql.cli.Cli:177)
io.confluent.ksql.rest.client.KsqlRestClientException: Error issuing POST to KSQL server. path:/ksql
	at io.confluent.ksql.rest.client.KsqlTarget.post(KsqlTarget.java:208)
	at io.confluent.ksql.rest.client.KsqlTarget.postKsqlRequest(KsqlTarget.java:127)
	at io.confluent.ksql.rest.client.KsqlRestClient.makeKsqlRequest(KsqlRestClient.java:116)
	at io.confluent.ksql.cli.Cli.makeKsqlRequest(Cli.java:150)
	at io.confluent.ksql.cli.Cli.makeKsqlRequest(Cli.java:141)
	at io.confluent.ksql.cli.Cli.handleStatements(Cli.java:285)
	at io.confluent.ksql.cli.Cli.handleLine(Cli.java:232)
	at io.confluent.ksql.cli.Cli.runInteractively(Cli.java:171)
	at io.confluent.ksql.Ksql.run(Ksql.java:115)
	at io.confluent.ksql.Ksql.main(Ksql.java:74)
Caused by: javax.ws.rs.ProcessingException: java.net.ConnectException: Connection refused (Connection refused)
	at org.glassfish.jersey.client.internal.HttpUrlConnector.apply(HttpUrlConnector.java:261)
	at org.glassfish.jersey.client.ClientRuntime.invoke(ClientRuntime.java:296)
	at org.glassfish.jersey.client.JerseyInvocation.lambda$invoke$0(JerseyInvocation.java:609)
	at org.glassfish.jersey.internal.Errors.process(Errors.java:292)
	at org.glassfish.jersey.internal.Errors.process(Errors.java:274)
	at org.glassfish.jersey.internal.Errors.process(Errors.java:205)
	at org.glassfish.jersey.process.internal.RequestScope.runInScope(RequestScope.java:390)
	at org.glassfish.jersey.client.JerseyInvocation.invoke(JerseyInvocation.java:608)
	at org.glassfish.jersey.client.JerseyInvocation$Builder.method(JerseyInvocation.java:421)
	at org.glassfish.jersey.client.JerseyInvocation$Builder.post(JerseyInvocation.java:327)
	at io.confluent.ksql.rest.client.KsqlTarget.post(KsqlTarget.java:201)
	... 9 more
Caused by: java.net.ConnectException: Connection refused (Connection refused)
	at java.net.PlainSocketImpl.socketConnect(Native Method)
	at java.net.AbstractPlainSocketImpl.doConnect(AbstractPlainSocketImpl.java:350)
	at java.net.AbstractPlainSocketImpl.connectToAddress(AbstractPlainSocketImpl.java:206)
	at java.net.AbstractPlainSocketImpl.connect(AbstractPlainSocketImpl.java:188)
	at java.net.SocksSocketImpl.connect(SocksSocketImpl.java:392)
	at java.net.Socket.connect(Socket.java:606)
	at sun.net.NetworkClient.doConnect(NetworkClient.java:175)
	at sun.net.www.http.HttpClient.openServer(HttpClient.java:463)
	at sun.net.www.http.HttpClient.openServer(HttpClient.java:558)
	at sun.net.www.http.HttpClient.<init>(HttpClient.java:242)
	at sun.net.www.http.HttpClient.New(HttpClient.java:339)
	at sun.net.www.http.HttpClient.New(HttpClient.java:357)
	at sun.net.www.protocol.http.HttpURLConnection.getNewHttpClient(HttpURLConnection.java:1226)
	at sun.net.www.protocol.http.HttpURLConnection.plainConnect0(HttpURLConnection.java:1162)
	at sun.net.www.protocol.http.HttpURLConnection.plainConnect(HttpURLConnection.java:1056)
	at sun.net.www.protocol.http.HttpURLConnection.connect(HttpURLConnection.java:990)
	at sun.net.www.protocol.http.HttpURLConnection.getOutputStream0(HttpURLConnection.java:1340)
	at sun.net.www.protocol.http.HttpURLConnection.getOutputStream(HttpURLConnection.java:1315)
	at org.glassfish.jersey.client.internal.HttpUrlConnector.lambda$_apply$0(HttpUrlConnector.java:359)
	at org.glassfish.jersey.message.internal.CommittingOutputStream.commitStream(CommittingOutputStream.java:171)
	at org.glassfish.jersey.message.internal.CommittingOutputStream.commitStream(CommittingOutputStream.java:165)
	at org.glassfish.jersey.message.internal.CommittingOutputStream.write(CommittingOutputStream.java:199)
	at org.glassfish.jersey.message.internal.WriterInterceptorExecutor$UnCloseableOutputStream.write(WriterInterceptorExecutor.java:276)
	at com.fasterxml.jackson.core.json.UTF8JsonGenerator._flushBuffer(UTF8JsonGenerator.java:2137)
	at com.fasterxml.jackson.core.json.UTF8JsonGenerator.flush(UTF8JsonGenerator.java:1150)
	at com.fasterxml.jackson.databind.ObjectWriter.writeValue(ObjectWriter.java:923)
	at com.fasterxml.jackson.jaxrs.base.ProviderBase.writeTo(ProviderBase.java:624)
	at org.glassfish.jersey.message.internal.WriterInterceptorExecutor$TerminalWriterInterceptor.invokeWriteTo(WriterInterceptorExecutor.java:242)
	at org.glassfish.jersey.message.internal.WriterInterceptorExecutor$TerminalWriterInterceptor.aroundWriteTo(WriterInterceptorExecutor.java:227)
	at org.glassfish.jersey.message.internal.WriterInterceptorExecutor.proceed(WriterInterceptorExecutor.java:139)
	at org.glassfish.jersey.message.internal.MessageBodyFactory.writeTo(MessageBodyFactory.java:1116)
	at org.glassfish.jersey.client.ClientRequest.doWriteEntity(ClientRequest.java:504)
	at org.glassfish.jersey.client.ClientRequest.writeEntity(ClientRequest.java:486)
	at org.glassfish.jersey.client.internal.HttpUrlConnector._apply(HttpUrlConnector.java:361)
	at org.glassfish.jersey.client.internal.HttpUrlConnector.apply(HttpUrlConnector.java:259)
	... 19 more
